<?xml version="1.0" encoding="UTF-8"?>
<!-- Generated by org.testng.reporters.JUnitReportReporter -->
<testsuite hostname="HIPUNL69713" failures="0" tests="1" name="dwl18grp.dwl18artid.test1" time="0.002" errors="0" timestamp="04 Nov 2018 16:28:18 GMT" skipped="0">
  <testcase classname="dwl18grp.dwl18artid.test1" name="f" time="0.002"/>
</testsuite> <!-- dwl18grp.dwl18artid.test1 -->
